<?xml version="1.0" encoding="UTF-8"?>
<testsuite xmlns:xsi="http://www.w3.org/2001/XMLSchema-instance" xsi:noNamespaceSchemaLocation="https://maven.apache.org/surefire/maven-surefire-plugin/xsd/surefire-test-report.xsd" name="com.uned.programacion.AppTest" time="0.06" tests="13" errors="0" skipped="0" failures="0">
  <properties>
[...]
</properties>
  <testcase name="fechaCorrecta" classname="com.uned.programacion.AppTest" time="0.031"/>
  <testcase name="fechaIncorrecta" classname="com.uned.programacion.AppTest" time="0.001"/>
  <testcase name="formatoCaracterNumerico" classname="com.uned.programacion.AppTest" time="0"/>
  <testcase name="formatoCaracterNumericoIncorrecto" classname="com.uned.programacion.AppTest" time="0"/>
  <testcase name="formatoCorrecto" classname="com.uned.programacion.AppTest" time="0.002"/>
  <testcase name="formatoCorrectoCaracterCorrecto" classname="com.uned.programacion.AppTest" time="0.001"/>
  <testcase name="formatoCorrectoCaracterIncorrecto" classname="com.uned.programacion.AppTest" time="0.001"/>
  <testcase name="formatoCorrectoLongitudCorrecta" classname="com.uned.programacion.AppTest" time="0.001"/>
  <testcase name="formatoCorrectoLongitudInCorrecta" classname="com.uned.programacion.AppTest" time="0.001"/>
  <testcase name="numeroArgsCorrecto" classname="com.uned.programacion.AppTest" time="0.001"/>
  <testcase name="numeroArgsIncorrectoNinguno" classname="com.uned.programacion.AppTest" time="0.001"/>
  <testcase name="numeroArgsIncorrectoTres" classname="com.uned.programacion.AppTest" time="0"/>
  <testcase name="numeroArgsIncorrectoUno" classname="com.uned.programacion.AppTest" time="0"/>
</testsuite>